0 info it worked if it ends with ok
1 verbose cli [ '/usr/local/Cellar/node/5.0.0/bin/node',
1 verbose cli   '/usr/local/bin/npm',
1 verbose cli   'run',
1 verbose cli   'lint' ]
2 info using npm@4.0.3
3 info using node@v5.0.0
4 verbose run-script [ 'prelint', 'lint', 'postlint' ]
5 info lifecycle elk@1.0.0~prelint: elk@1.0.0
6 silly lifecycle elk@1.0.0~prelint: no script for prelint, continuing
7 info lifecycle elk@1.0.0~lint: elk@1.0.0
8 verbose lifecycle elk@1.0.0~lint: unsafe-perm in lifecycle true
9 verbose lifecycle elk@1.0.0~lint: PATH: /usr/local/lib/node_modules/npm/bin/node-gyp-bin:/Users/tcwong/Documents/elk/node_modules/.bin:/Library/Frameworks/Python.framework/Versions/2.7/bin:/Library/Frameworks/Python.framework/Versions/3.5/bin:/usr/local/bin:/usr/bin:/bin:/usr/sbin:/sbin:/Users/tcwong/.rvm/bin
10 verbose lifecycle elk@1.0.0~lint: CWD: /Users/tcwong/Documents/elk
11 silly lifecycle elk@1.0.0~lint: Args: [ '-c', 'eslint --ext jsx --ext js -c .eslintrc app' ]
12 silly lifecycle elk@1.0.0~lint: Returned: code: 1  signal: null
13 info lifecycle elk@1.0.0~lint: Failed to exec lint script
14 verbose stack Error: elk@1.0.0 lint: `eslint --ext jsx --ext js -c .eslintrc app`
14 verbose stack Exit status 1
14 verbose stack     at EventEmitter.<anonymous> (/usr/local/lib/node_modules/npm/lib/utils/lifecycle.js:279:16)
14 verbose stack     at emitTwo (events.js:87:13)
14 verbose stack     at EventEmitter.emit (events.js:172:7)
14 verbose stack     at ChildProcess.<anonymous> (/usr/local/lib/node_modules/npm/lib/utils/spawn.js:40:14)
14 verbose stack     at emitTwo (events.js:87:13)
14 verbose stack     at ChildProcess.emit (events.js:172:7)
14 verbose stack     at maybeClose (internal/child_process.js:818:16)
14 verbose stack     at Process.ChildProcess._handle.onexit (internal/child_process.js:211:5)
15 verbose pkgid elk@1.0.0
16 verbose cwd /Users/tcwong/Documents/elk
17 error Darwin 15.6.0
18 error argv "/usr/local/Cellar/node/5.0.0/bin/node" "/usr/local/bin/npm" "run" "lint"
19 error node v5.0.0
20 error npm  v4.0.3
21 error code ELIFECYCLE
22 error elk@1.0.0 lint: `eslint --ext jsx --ext js -c .eslintrc app`
22 error Exit status 1
23 error Failed at the elk@1.0.0 lint script 'eslint --ext jsx --ext js -c .eslintrc app'.
23 error Make sure you have the latest version of node.js and npm installed.
23 error If you do, this is most likely a problem with the elk package,
23 error not with npm itself.
23 error Tell the author that this fails on your system:
23 error     eslint --ext jsx --ext js -c .eslintrc app
23 error You can get information on how to open an issue for this project with:
23 error     npm bugs elk
23 error Or if that isn't available, you can get their info via:
23 error     npm owner ls elk
23 error There is likely additional logging output above.
24 verbose exit [ 1, true ]
